Installed PyTorch version 2.9.0+cu128 is not TorchScript supported in PhysicsNeMo. Version 2.1.0a0+4136153 is officially supported.
attempting to restore from: /home/hkim/Codes/physicsnemo_tutorial/FNO_tutorial/outputs_sym
optimizer checkpoint not found
model fno.0.pth not found
[step:          0] record constraint batch time:  1.515e-01s
[step:          0] record validators time:  1.977e+00s
[step:          0] saved checkpoint to /home/hkim/Codes/physicsnemo_tutorial/FNO_tutorial/outputs_sym
[step:          0] loss:  1.873e+00
Attempting cuda graph building, this may take a bit...
[step:        100] loss:  2.666e-02, time/iteration:  1.109e+02 ms
[step:        200] loss:  9.967e-03, time/iteration:  8.323e+00 ms
[step:        300] loss:  5.961e-03, time/iteration:  8.220e+00 ms
[step:        400] loss:  4.359e-03, time/iteration:  8.247e+00 ms
[step:        500] loss:  2.031e-03, time/iteration:  8.307e+00 ms
[step:        600] loss:  1.177e-03, time/iteration:  8.285e+00 ms
[step:        700] loss:  1.123e-03, time/iteration:  8.335e+00 ms
[step:        800] loss:  1.153e-03, time/iteration:  8.321e+00 ms
[step:        900] loss:  1.086e-03, time/iteration:  8.390e+00 ms
[step:       1000] record constraint batch time:  1.364e-02s
[step:       1000] record validators time:  1.725e+00s
[step:       1000] saved checkpoint to /home/hkim/Codes/physicsnemo_tutorial/FNO_tutorial/outputs_sym
[step:       1000] loss:  8.128e-04, time/iteration:  2.606e+01 ms
[step:       1100] loss:  1.130e-03, time/iteration:  9.156e+00 ms
[step:       1200] loss:  4.838e-04, time/iteration:  8.298e+00 ms
[step:       1300] loss:  4.399e-04, time/iteration:  8.319e+00 ms
[step:       1400] loss:  4.799e-04, time/iteration:  8.320e+00 ms
[step:       1500] loss:  6.227e-04, time/iteration:  8.290e+00 ms
[step:       1600] loss:  4.542e-04, time/iteration:  8.330e+00 ms
[step:       1700] loss:  4.458e-04, time/iteration:  8.297e+00 ms
[step:       1800] loss:  4.216e-04, time/iteration:  8.325e+00 ms
[step:       1900] loss:  3.953e-04, time/iteration:  8.246e+00 ms
[step:       2000] record constraint batch time:  5.443e-03s
[step:       2000] record validators time:  1.923e+00s
[step:       2000] saved checkpoint to /home/hkim/Codes/physicsnemo_tutorial/FNO_tutorial/outputs_sym
[step:       2000] loss:  3.439e-04, time/iteration:  2.780e+01 ms
[step:       2000] reached maximum training steps, finished training!
