Installed PyTorch version 2.9.0+cu128 is not TorchScript supported in PhysicsNeMo. Version 2.1.0a0+4136153 is officially supported.
attempting to restore from: /home/hkim/Codes/physicsnemo_FNO_tutorial/Darcy_FNO/outputs_sym
optimizer checkpoint not found
model fno.0.pth not found
[step:          0] record constraint batch time:  3.343e-02s
[step:          0] record validators time:  1.880e+00s
[step:          0] saved checkpoint to /home/hkim/Codes/physicsnemo_FNO_tutorial/Darcy_FNO/outputs_sym
[step:          0] loss:  1.867e+00
Attempting cuda graph building, this may take a bit...
[step:        100] loss:  2.412e-02, time/iteration:  1.132e+02 ms
[step:        200] loss:  7.984e-03, time/iteration:  7.988e+00 ms
[step:        300] loss:  5.332e-03, time/iteration:  7.957e+00 ms
[step:        400] loss:  4.740e-03, time/iteration:  8.056e+00 ms
[step:        500] loss:  1.781e-03, time/iteration:  8.335e+00 ms
[step:        600] loss:  2.658e-03, time/iteration:  8.236e+00 ms
[step:        700] loss:  1.340e-03, time/iteration:  8.216e+00 ms
[step:        800] loss:  8.823e-04, time/iteration:  8.085e+00 ms
[step:        900] loss:  7.504e-04, time/iteration:  8.056e+00 ms
[step:       1000] record constraint batch time:  2.382e-02s
[step:       1000] record validators time:  1.790e+00s
[step:       1000] saved checkpoint to /home/hkim/Codes/physicsnemo_FNO_tutorial/Darcy_FNO/outputs_sym
[step:       1000] loss:  9.629e-04, time/iteration:  2.662e+01 ms
[step:       1100] loss:  7.846e-04, time/iteration:  9.280e+00 ms
[step:       1200] loss:  6.737e-04, time/iteration:  8.061e+00 ms
[step:       1300] loss:  4.619e-04, time/iteration:  8.146e+00 ms
[step:       1400] loss:  4.256e-04, time/iteration:  8.020e+00 ms
[step:       1500] loss:  3.931e-04, time/iteration:  8.208e+00 ms
[step:       1600] loss:  3.618e-04, time/iteration:  8.236e+00 ms
[step:       1700] loss:  3.516e-04, time/iteration:  7.980e+00 ms
[step:       1800] loss:  5.250e-04, time/iteration:  7.976e+00 ms
[step:       1900] loss:  4.350e-04, time/iteration:  8.253e+00 ms
[step:       2000] record constraint batch time:  8.612e-03s
[step:       2000] record validators time:  1.677e+00s
[step:       2000] saved checkpoint to /home/hkim/Codes/physicsnemo_FNO_tutorial/Darcy_FNO/outputs_sym
[step:       2000] loss:  2.561e-04, time/iteration:  2.521e+01 ms
[step:       2000] reached maximum training steps, finished training!
